{
  "stats": {
    "suites": 65,
    "tests": 75,
    "passes": 75,
    "pending": 0,
    "failures": 0,
    "start": "2016-06-08T20:25:17.213Z",
    "end": "2016-06-08T20:25:18.714Z"
  },
  "coverage": {
    "total": {
      "statementsTotal": 519,
      "statementsCovered": 141,
      "percentage": 27.17
    },
    "files": [
      {
        "name": "busy-components/components/bc-checkbox-input",
        "statementsTotal": 4,
        "statementsCovered": 4,
        "percentage": 100
      },
      {
        "name": "busy-components/components/bc-checkbox",
        "statementsTotal": 17,
        "statementsCovered": 17,
        "percentage": 100
      },
      {
        "name": "busy-components/components/bc-input",
        "statementsTotal": 12,
        "statementsCovered": 11,
        "percentage": 91.67
      },
      {
        "name": "busy-components/components/bc-list-container",
        "statementsTotal": 3,
        "statementsCovered": 3,
        "percentage": 100
      },
      {
        "name": "busy-components/components/bc-list-header",
        "statementsTotal": 4,
        "statementsCovered": 3,
        "percentage": 75
      },
      {
        "name": "busy-components/components/bc-list",
        "statementsTotal": 38,
        "statementsCovered": 12,
        "percentage": 31.58
      },
      {
        "name": "busy-components/components/bc-radio-button",
        "statementsTotal": 6,
        "statementsCovered": 6,
        "percentage": 100
      },
      {
        "name": "busy-components/components/bc-section-half",
        "statementsTotal": 3,
        "statementsCovered": 3,
        "percentage": 100
      },
      {
        "name": "busy-components/components/bc-select",
        "statementsTotal": 78,
        "statementsCovered": 3,
        "percentage": 3.85
      },
      {
        "name": "busy-components/components/bc-tab",
        "statementsTotal": 24,
        "statementsCovered": 8,
        "percentage": 33.33
      },
      {
        "name": "busy-components/components/bc-tabs",
        "statementsTotal": 63,
        "statementsCovered": 7,
        "percentage": 11.11
      },
      {
        "name": "busy-components/components/bc-title",
        "statementsTotal": 4,
        "statementsCovered": 3,
        "percentage": 75
      },
      {
        "name": "busy-components/components/bc-validate",
        "statementsTotal": 36,
        "statementsCovered": 15,
        "percentage": 41.67
      },
      {
        "name": "busy-components/components/checkbox-input",
        "statementsTotal": 4,
        "statementsCovered": 3,
        "percentage": 75
      },
      {
        "name": "busy-components/components/torpid-checkbox",
        "statementsTotal": 17,
        "statementsCovered": 3,
        "percentage": 17.65
      },
      {
        "name": "busy-components/components/torpid-input",
        "statementsTotal": 12,
        "statementsCovered": 3,
        "percentage": 25
      },
      {
        "name": "busy-components/components/torpid-list-container",
        "statementsTotal": 3,
        "statementsCovered": 3,
        "percentage": 100
      },
      {
        "name": "busy-components/components/torpid-list-header",
        "statementsTotal": 4,
        "statementsCovered": 3,
        "percentage": 75
      },
      {
        "name": "busy-components/components/torpid-list",
        "statementsTotal": 36,
        "statementsCovered": 3,
        "percentage": 8.33
      },
      {
        "name": "busy-components/components/torpid-radio-button",
        "statementsTotal": 6,
        "statementsCovered": 3,
        "percentage": 50
      },
      {
        "name": "busy-components/components/torpid-section-half",
        "statementsTotal": 3,
        "statementsCovered": 3,
        "percentage": 100
      },
      {
        "name": "busy-components/components/torpid-tab",
        "statementsTotal": 24,
        "statementsCovered": 3,
        "percentage": 12.5
      },
      {
        "name": "busy-components/components/torpid-tabs",
        "statementsTotal": 63,
        "statementsCovered": 3,
        "percentage": 4.76
      },
      {
        "name": "busy-components/components/torpid-title",
        "statementsTotal": 4,
        "statementsCovered": 3,
        "percentage": 75
      },
      {
        "name": "busy-components/components/torpid-validate",
        "statementsTotal": 36,
        "statementsCovered": 3,
        "percentage": 8.33
      },
      {
        "name": "busy-components/components/torpid-validate-password",
        "statementsTotal": 3,
        "statementsCovered": 3,
        "percentage": 100
      },
      {
        "name": "busy-components/helpers/get-value",
        "statementsTotal": 9,
        "statementsCovered": 4,
        "percentage": 44.44
      },
      {
        "name": "busy-components/initializers/busy-components",
        "statementsTotal": 3,
        "statementsCovered": 3,
        "percentage": 100
      }
    ]
  }
}